<?xml version="1.0" encoding="UTF-8"?>
<!-- Generated by org.testng.reporters.JUnitReportReporter -->
<testsuite hostname="BoraTechs-MacBook-Pro.local" failures="0" tests="3" name="batch_6_framework.PracticeTestNG" time="0.006" errors="0" timestamp="04 Aug 2021 01:04:00 GMT" skipped="0">
  <testcase classname="batch_6_framework.PracticeTestNG" name="test_2" time="0.001"/>
  <testcase classname="batch_6_framework.PracticeTestNG" name="test_3" time="0.000"/>
  <testcase classname="batch_6_framework.PracticeTestNG" name="test_1" time="0.005"/>
</testsuite> <!-- batch_6_framework.PracticeTestNG -->
