<?xml version="1.0" encoding="UTF-8"?>
<!-- Generated by org.testng.reporters.JUnitReportReporter -->
<testsuite hostname="DESKTOP-Q6S3CI7" failures="0" tests="4" name="dataDriven.Test2" time="0.026" errors="0" timestamp="07 Aug 2021 20:14:04 GMT" skipped="1">
  <testcase classname="dataDriven.Test2" name="test2" time="0.001"/>
  <testcase classname="dataDriven.Test2" name="test2" time="0.001"/>
  <testcase classname="dataDriven.Test2" name="test2" time="0.024"/>
  <testcase classname="dataDriven.Test2" name="test">
    <skipped/>
  </testcase> <!-- test -->
</testsuite> <!-- dataDriven.Test2 -->
