<?xml version="1.0" encoding="UTF-8"?>
<!-- Generated by org.testng.reporters.JUnitReportReporter -->
<<<<<<< HEAD
<testsuite hostname="Yanjies-MacBook-Pro.local" failures="0" tests="4" name="dataDriven.Test2" time="0.033" errors="0" timestamp="07 Aug 2021 18:16:07 GMT" skipped="1">
  <testcase classname="dataDriven.Test2" name="test2" time="0.022"/>
  <testcase classname="dataDriven.Test2" name="test2" time="0.002"/>
  <testcase classname="dataDriven.Test2" name="test2" time="0.009"/>
=======
<testsuite hostname="BoraTechs-MBP.fios-router.home" failures="0" tests="4" name="dataDriven.Test2" time="0.009" errors="0" timestamp="07 Aug 2021 16:29:59 GMT" skipped="1">
  <testcase classname="dataDriven.Test2" name="test2" time="0.001"/>
  <testcase classname="dataDriven.Test2" name="test2" time="0.008"/>
  <testcase classname="dataDriven.Test2" name="test2" time="0.000"/>
>>>>>>> main
  <testcase classname="dataDriven.Test2" name="test">
    <skipped/>
  </testcase> <!-- test -->
</testsuite> <!-- dataDriven.Test2 -->
