<?xml version="1.0" encoding="UTF-8"?>
<!-- Generated by org.testng.reporters.JUnitReportReporter -->
<testsuite hostname="BoraTechs-MBP.fios-router.home" failures="0" tests="3" name="batch_6_framework.PracticeTestNG2" time="0.007" errors="0" timestamp="05 Aug 2021 22:36:18 GMT" skipped="0">
  <testcase classname="batch_6_framework.PracticeTestNG2" name="test_3" time="0.005"/>
  <testcase classname="batch_6_framework.PracticeTestNG2" name="test_1" time="0.001"/>
  <testcase classname="batch_6_framework.PracticeTestNG2" name="test_2" time="0.001"/>
</testsuite> <!-- batch_6_framework.PracticeTestNG2 -->
