<?xml version="1.0" encoding="UTF-8"?>
<!-- Generated by org.testng.reporters.JUnitReportReporter -->
<testsuite hostname="BoraTechs-MBP.fios-router.home" failures="0" tests="1" name="utilityLibrary.ExcelReader" time="0.454" errors="0" timestamp="07 Aug 2021 19:53:48 GMT" skipped="0">
  <testcase classname="utilityLibrary.ExcelReader" name="readExcel" time="0.454"/>
</testsuite> <!-- utilityLibrary.ExcelReader -->
